<?xml version="1.0" encoding="UTF-8"?>
<testng-results skipped="0" failed="0" total="1" passed="1">
  <reporter-output>
  </reporter-output>
  <suite name="Suite" duration-ms="25456" started-at="2019-09-03T20:27:06Z" finished-at="2019-09-03T20:27:32Z">
    <groups>
    </groups>
    <test name="Test" duration-ms="25456" started-at="2019-09-03T20:27:06Z" finished-at="2019-09-03T20:27:32Z">
      <class name="Test.prueba_winiumTest">
        <test-method status="PASS" signature="test()[pri:0, instance:Test.prueba_winiumTest@73f792cf]" name="test" duration-ms="25446" started-at="2019-09-03T16:27:06Z" finished-at="2019-09-03T16:27:32Z">
          <reporter-output>
          </reporter-output>
        </test-method> <!-- test -->
      </class> <!-- Test.prueba_winiumTest -->
    </test> <!-- Test -->
  </suite> <!-- Suite -->
</testng-results>
